clnttcp_create: connect failed, error = 10061, retrying
%UIMSG-USER-ERROR, Did not find resource translation file "tree_node_tmpl_symb.txt"
%UIMSG-USER-ERROR, Did not find resource translation file "main_wind_dlg.txt"
%UIMSG-USER-ERROR, Did not find resource translation file "adb_main.txt"
%UIMSG-USER-ERROR, Did not find resource translation file "main_action_menu.txt"
%UIMSG-USER-ERROR, Did not find resource translation file "animationlayout.txt"
%UIMSG-USER-ERROR, Did not find resource translation file "lay_message_area.txt"
%UIMSG-USER-ERROR, Did not find resource translation file "common_main_popups.txt"
%UIMSG-USER-ERROR, Did not find resource translation file "proe_menubars_lay.txt"
%UIMSG-USER-ERROR, Did not find resource translation file "lay_status_line.txt"
%UIMSG-USER-ERROR, Did not find resource translation file "accs_wind_dlg.txt"
%UIMSG-USER-ERROR, Did not find resource translation file "adb_main.txt"
%UIMSG-USER-ERROR, Did not find resource translation file "lay_status_line.txt"
%UIMSG-USER-ERROR, Did not find resource translation file "main_action_menu.txt"
%UIMSG-USER-ERROR, Did not find resource translation file "inpdlg_small.txt"
%UIMSG-USER-ERROR, Did not find resource translation file "soipoverlaycmd.txt"
%UIMSG-USER-ERROR, Did not find resource translation file "ui_menu.txt"
%UIMSG-USER-ERROR, Did not find resource translation file "procmdnamedviewsgalselect.txt"
%UIMSG-USER-ERROR, Did not find resource translation file "procmddwgtblinsert.txt"
%UIMSG-USER-ERROR, Did not find resource translation file "procmddwgtblfromgallery.txt"
%UIMSG-USER-ERROR, Did not find resource translation file "procmddtltxtsymgallerylist.txt"
%UIMSG-USER-ERROR, Did not find resource translation file "procmdceformatsgallery.txt"
%UIMSG-USER-ERROR, Did not find resource translation file "procmdcefltformatsgallery.txt"
%UIMSG-USER-ERROR, Did not find resource translation file "procmdceorientationgallery.txt"
%UIMSG-USER-ERROR, Did not find resource translation file "procmdcepapergallery.txt"
%UIMSG-USER-ERROR, Did not find resource translation file "procmdcesetbackgroundlist.txt"
%UIMSG-USER-ERROR, Did not find resource translation file "procmddtlsetordinatestyle.txt"
%UIMSG-USER-ERROR, Did not find resource translation file "procmdviewgallery.txt"
%UIMSG-USER-ERROR, Did not find resource translation file "procmdscenegallery.txt"
%UIMSG-COMMAND-ERROR, uicmd_cmd_group_cmd_by_name_add: command to add is not found
%UIMSG-COMMAND-ERROR, uicmd_cmd_group_cmd_by_name_add: command to add is not found
%UIMSG-COMMAND-ERROR, uicmd_cmd_group_cmd_by_name_add: command to add is not found
%UIMSG-USER-ERROR, Did not find resource translation file "procmdpmacascadehatchcolor.txt"
%UIMSG-USER-ERROR, Did not find resource translation file "procmddisplayfilters.txt"
%UIMSG-USER-ERROR, Did not find resource translation file "procmdutilappprt.txt"
%UIMSG-USER-ERROR, Did not find resource translation file "procmdutilappasm.txt"
%UIMSG-USER-ERROR, Did not find resource translation file "procmdutilappmech.txt"
%UIMSG-USER-ERROR, Did not find resource translation file "procmdutilappasmexit.txt"
%UIMSG-USER-ERROR, Did not find resource translation file "procmdutilappprtexit.txt"
%UIMSG-USER-ERROR, Did not find resource translation file "procmdutilappmoldlayexit.txt"
%UIMSG-USER-ERROR, Did not find resource translation file "procmdutilappanim.txt"
%UIMSG-USER-ERROR, Did not find resource translation file "procmdutilappasmweld.txt"
%UIMSG-USER-ERROR, Did not find resource translation file "procmdutilappprtweld.txt"
%UIMSG-USER-ERROR, Did not find resource translation file "procmdutilapppipe.txt"
%UIMSG-USER-ERROR, Did not find resource translation file "procmdutilappcable.txt"
%UIMSG-USER-ERROR, Did not find resource translation file "procmdutilappmoldcast.txt"
%UIMSG-USER-ERROR, Did not find resource translation file "procmdutilappasmmoldlayout.txt"
%UIMSG-USER-ERROR, Did not find resource translation file "procmdutilappmfg.txt"
%UIMSG-USER-ERROR, Did not find resource translation file "procmdutilappdwg.txt"
%UIMSG-USER-ERROR, Did not find resource translation file "procmdutilappdwgstd.txt"
%UIMSG-USER-ERROR, Did not find resource translation file "procmdutilappdwglgcy.txt"
%UIMSG-USER-ERROR, Did not find resource translation file "procmdutilappdwgtmplt.txt"
%UIMSG-USER-ERROR, Did not find resource translation file "procmdutilappdwglgcysket.txt"
%UIMSG-USER-ERROR, Did not find resource translation file "procmdutilappdwgpipe.txt"
%UIMSG-USER-ERROR, Did not find resource translation file "procmdutilappprtgdt.txt"
%UIMSG-USER-ERROR, Did not find resource translation file "procmdutilappasmgdt.txt"
%UIMSG-APPLICATION-ERROR, Could not open resource file 'procmdutilappphotorealrend'
%UIMSG-USER-ERROR, Failed to create device: ProCmdUtilAppPhotoRealRend, from resource file: procmdutilappphotorealrend
%UIMSG-APPLICATION-ERROR, Could not open resource file 'procmdutilappphotorealrendclose'
%UIMSG-USER-ERROR, Failed to create device: ProCmdUtilAppPhotoRealRendClose, from resource file: procmdutilappphotorealrendclose
%UIMSG-USER-ERROR, Did not find resource translation file "procmdutilappeztol.txt"
%UIMSG-USER-ERROR, Did not find resource translation file "procmdeditundo.txt"
%UIMSG-USER-ERROR, Did not find resource translation file "procmdeditredo.txt"
%UIMSG-USER-ERROR, Did not find resource translation file "procmdeditgeomconstruct.txt"
%UIMSG-USER-ERROR, Did not find resource translation file "procmdeditgeomsolid.txt"
%UIMSG-USER-ERROR, Did not find resource translation file "procmdsketceapplylinecolor.txt"
%UIMSG-USER-ERROR, Did not find resource translation file "procmdsketceapplyfillcolor.txt"
%UIMSG-USER-ERROR, Did not find resource translation file "procmdsketceapplyhatch.txt"
%UIMSG-USER-ERROR, Did not find resource translation file "procmdsketcehatchcolor.txt"
%UIMSG-USER-ERROR, Did not find resource translation file "procmdceannotcolgal.txt"
%UIMSG-USER-ERROR, Did not find resource translation file "procmdcetxtstycolgal.txt"
%UIMSG-USER-ERROR, Did not find resource translation file "procmdlyohatchgallerylist.txt"
%UIMSG-USER-ERROR, Did not find resource translation file "procmdlyoapplyfillcolor.txt"
%UIMSG-USER-ERROR, Did not find resource translation file "procmdlyohatchlinescolor.txt"
%UIMSG-USER-ERROR, Did not find resource translation file "procmdmfgmilldrillcycle.txt"
%UIMSG-USER-ERROR, Did not find resource translation file "procmdmfgturndrillcycle.txt"
%UIMSG-USER-ERROR, Did not find resource translation file "procmdmoldautoworkpiece.txt"
%UIMSG-USER-ERROR, Did not find resource translation file "procmdcastautodieblock.txt"
%UIMSG-USER-ERROR, Did not find resource translation file "procmdshowdiffunmodchild.txt"
%UIMSG-USER-ERROR, Did not find resource translation file "procmdshowdiffmodchild.txt"
%UIMSG-USER-ERROR, Did not find resource translation file "procmdshowdiffdelchild.txt"
%UIMSG-USER-ERROR, Did not find resource translation file "procmdshowdiffmodsource.txt"
%UIMSG-USER-ERROR, Did not find resource translation file "procmdshowdiffaddsource.txt"
%UIMSG-USER-ERROR, Did not find resource translation file "procmdshowdiffcgcopy.txt"
%UIMSG-USER-ERROR, Did not find resource translation file "procmdshowdiffcgsource.txt"
%UIMSG-USER-ERROR, Did not find resource translation file "procmdftcorerevolve.txt"
%UIMSG-USER-ERROR, Did not find resource translation file "procmdftsmtrevolve.txt"
%UIMSG-USER-ERROR, Did not find resource translation file "procmdshapeselgallerylist.txt"
%UIMSG-USER-ERROR, Did not find resource translation file "procmdhmestart.txt"
%UIMSG-USER-ERROR, Did not find resource translation file "procmdsimgdgallerysel.txt"
%UIMSG-USER-ERROR, Did not find resource translation file "procmddwgretrmodels.txt"
%UIMSG-USER-ERROR, Did not find resource translation file "procmddrwmodelssub.txt"
%UIMSG-USER-ERROR, Did not find resource translation file "procmdsymcolorgal.txt"
%UIMSG-USER-ERROR, Did not find resource translation file "procmddwgpubpreviewopen.txt"
%UIMSG-USER-ERROR, Did not find resource translation file "procmddwgpubpreviewclose.txt"
%UIMSG-USER-ERROR, Did not find resource translation file "procmddwgpubprint.txt"
%UIMSG-USER-ERROR, Did not find resource translation file "procmddwgpubexport.txt"
%UIMSG-USER-ERROR, Did not find resource translation file "procmddwgplotquality.txt"
%UIMSG-USER-ERROR, Did not find resource translation file "procmddwgpubsetdeliverable.txt"
%UIMSG-USER-ERROR, Did not find resource translation file "procmdrefreshdbstatus.txt"
%UIMSG-COMMAND-ERROR, uicmd_cmd_group_cmd_by_name_add: command to add is not found
%UIMSG-COMMAND-ERROR, uicmd_cmd_group_cmd_by_name_add: command to add is not found
%UIMSG-COMMAND-ERROR, uicmd_cmd_group_cmd_by_name_add: command to add is not found
%UIMSG-COMMAND-ERROR, uicmd_cmd_set_hover_func: NULL uiCmdCommand
%UIMSG-COMMAND-ERROR, uicmd_cmd_set_hover_func: NULL uiCmdCommand
%UIMSG-COMMAND-ERROR, uicmd_cmd_set_hover_func: NULL uiCmdCommand
%UIMSG-COMMAND-ERROR, uicmd_cmd_set_hover_func: hover function already set
%UIMSG-COMMAND-ERROR, uicmd_cmd_set_hover_func: NULL uiCmdCommand
%UIMSG-COMMAND-ERROR, uicmd_cmd_set_hover_func: hover function already set
%UIMSG-COMMAND-ERROR, uicmd_cmd_group_cmd_by_name_add: command to add is not found
%UIMSG-USER-ERROR, Did not find resource translation file "procmdmankselgalpostr.txt"
%UIMSG-USER-ERROR, Did not find resource translation file "procmdmankapplgalpostr.txt"
%UIMSG-USER-ERROR, Did not find resource translation file "procmdaogallerylist.txt"
%UIMSG-USER-ERROR, Did not find resource translation file "procmdtsgallerylist.txt"
%UIMSG-USER-ERROR, Did not find resource translation file "procmdsubdprimitgallery.txt"
%UIMSG-USER-ERROR, Did not find resource translation file "procmdpmaannotdfs.txt"
%UIMSG-USER-ERROR, Did not find resource translation file "procmdpmaannotdfsreflist.txt"
%UIMSG-USER-ERROR, Did not find resource translation file "procmdpmaannotseldfsok.txt"
%UIMSG-USER-ERROR, Did not find resource translation file "procmdpmaannotseldfscancel.txt"
%UIMSG-USER-ERROR, Did not find resource translation file "procmdpmaannotarrowstyle.txt"
%UIMSG-USER-ERROR, Did not find resource translation file "procmdpmachkannotdepend.txt"
%UIMSG-USER-ERROR, Did not find resource translation file "procmdpmaannotdrvnbymdl.txt"
%UIMSG-USER-ERROR, Did not find resource translation file "procmdpmaannotrefdrvnmdl.txt"
%UIMSG-USER-ERROR, Did not find resource translation file "procmdpmaannotattptdrvmdl.txt"
%UIMSG-USER-ERROR, Did not find resource translation file "procmdpmaannotprmdes.txt"
%UIMSG-USER-ERROR, Did not find resource translation file "procmdpmaannotprmctrlchar.txt"
%UIMSG-USER-ERROR, Did not find resource translation file "procmdpmachkannotsymgal.txt"
%UIMSG-USER-ERROR, Did not find resource translation file "procmdpmaannotsymgal.txt"
%UIMSG-USER-ERROR, Did not find resource translation file "procmdpmaannotdim.txt"
%UIMSG-USER-ERROR, Did not find resource translation file "procmddtlpushdimrbn.txt"
%UIMSG-USER-ERROR, Did not find resource translation file "procmdpmainpdimname.txt"
%UIMSG-USER-ERROR, Did not find resource translation file "procmdpmainpdimnomvalue.txt"
%UIMSG-USER-ERROR, Did not find resource translation file "procmdpmainpdimoverrideval.txt"
%UIMSG-USER-ERROR, Did not find resource translation file "procmdpmachkdimoverrideval.txt"
%UIMSG-USER-ERROR, Did not find resource translation file "procmdpmachkdimdoubleval.txt"
%UIMSG-USER-ERROR, Did not find resource translation file "procmdpmachkdimdispvalonly.txt"
%UIMSG-USER-ERROR, Did not find resource translation file "procmdpmachkdimtolsupscr.txt"
%UIMSG-USER-ERROR, Did not find resource translation file "procmdpmachkdimtolvalonly.txt"
%UIMSG-USER-ERROR, Did not find resource translation file "procmdpmachkdimroundval.txt"
%UIMSG-USER-ERROR, Did not find resource translation file "procmdpmachkdiminspection.txt"
%UIMSG-USER-ERROR, Did not find resource translation file "procmdpmachkdimintwline.txt"
%UIMSG-USER-ERROR, Did not find resource translation file "procmdpmachkdimtoldispiso.txt"
%UIMSG-USER-ERROR, Did not find resource translation file "procmdpmachkdimaffixnobox.txt"
%UIMSG-USER-ERROR, Did not find resource translation file "procmdpmachkdimdrvnbymdl.txt"
%UIMSG-USER-ERROR, Did not find resource translation file "procmdpmachkdimrefdrvnmdl.txt"
%UIMSG-USER-ERROR, Did not find resource translation file "procmdpmachkdimattptdrvmdl.txt"
%UIMSG-USER-ERROR, Did not find resource translation file "procmdpmachksldpnldimtxt.txt"
%UIMSG-USER-ERROR, Did not find resource translation file "procmdpmachksldpnldimfrmt.txt"
%UIMSG-USER-ERROR, Did not find resource translation file "procmdpmachksldpnldualdim.txt"
%UIMSG-USER-ERROR, Did not find resource translation file "procmdpmachksldpnldimdpend.txt"
%UIMSG-USER-ERROR, Did not find resource translation file "procmdpmachksldpnldimdisp.txt"
%UIMSG-USER-ERROR, Did not find resource translation file "procmdpmapushdimfliparrow.txt"
%UIMSG-USER-ERROR, Did not find resource translation file "procmdpmapushdimrestore.txt"
%UIMSG-USER-ERROR, Did not find resource translation file "procmdpmapushdimreferences.txt"
%UIMSG-USER-ERROR, Did not find resource translation file "procmdpmainpdimuppertol.txt"
%UIMSG-USER-ERROR, Did not find resource translation file "procmdpmainpdimlowertol.txt"
%UIMSG-USER-ERROR, Did not find resource translation file "procmdpmainpdimprefix.txt"
%UIMSG-USER-ERROR, Did not find resource translation file "procmdpmainpdimsuffix.txt"
%UIMSG-USER-ERROR, Did not find resource translation file "procmdpmainpdimtext.txt"
%UIMSG-USER-ERROR, Did not find resource translation file "procmdpmaoptdimorient.txt"
%UIMSG-USER-ERROR, Did not find resource translation file "procmdpmaoptdimarcattfirst.txt"
%UIMSG-USER-ERROR, Did not find resource translation file "procmdpmaoptdimarcattsec.txt"
%UIMSG-USER-ERROR, Did not find resource translation file "procmdpmaoptdimtoltable.txt"
%UIMSG-USER-ERROR, Did not find resource translation file "procmdpmaoptdimtoltblname.txt"
%UIMSG-USER-ERROR, Did not find resource translation file "procmdpmaoptdimtolgrade.txt"
%UIMSG-USER-ERROR, Did not find resource translation file "procmdpmaoptdimndigits.txt"
%UIMSG-USER-ERROR, Did not find resource translation file "procmdpmaoptdimtolndigits.txt"
%UIMSG-USER-ERROR, Did not find resource translation file "procmdpmaoptdimtextorient.txt"
%UIMSG-USER-ERROR, Did not find resource translation file "procmdpmaoptdimconfig.txt"
%UIMSG-USER-ERROR, Did not find resource translation file "procmdpmaoptdimchamftext.txt"
%UIMSG-USER-ERROR, Did not find resource translation file "procmdpmaoptdimordstyle.txt"
%UIMSG-USER-ERROR, Did not find resource translation file "procmdpmaoptdimangunit.txt"
%UIMSG-USER-ERROR, Did not find resource translation file "procmdpmaoptdimdualpos.txt"
%UIMSG-USER-ERROR, Did not find resource translation file "procmdpmaoptdimdualunit.txt"
%UIMSG-USER-ERROR, Did not find resource translation file "procmdpmaoptdimdualsecdig.txt"
%UIMSG-USER-ERROR, Did not find resource translation file "procmdpmaoptdimdualtoldig.txt"
%UIMSG-USER-ERROR, Did not find resource translation file "procmdpmaradgrpdimdecfrac.txt"
%UIMSG-USER-ERROR, Did not find resource translation file "procmdpmaradgrpdimdualdisp.txt"
%UIMSG-USER-ERROR, Did not find resource translation file "procmdpmaoptdimtolmode.txt"
%UIMSG-USER-ERROR, Failed to preload image sp_128
%UIMSG-USER-ERROR, Failed to preload image sp_129
%UIMSG-USER-ERROR, Failed to preload image sp_130
%UIMSG-USER-ERROR, Failed to preload image sp_131
%UIMSG-USER-ERROR, Failed to preload image sp_132
%UIMSG-USER-ERROR, Failed to preload image sp_133
%UIMSG-USER-ERROR, Failed to preload image sp_134
%UIMSG-USER-ERROR, Failed to preload image sp_135
%UIMSG-USER-ERROR, Failed to preload image sp_136
%UIMSG-USER-ERROR, Failed to preload image sp_137
%UIMSG-USER-ERROR, Failed to preload image sp_138
%UIMSG-USER-ERROR, Failed to preload image sp_139
%UIMSG-USER-ERROR, Failed to preload image sp_140
%UIMSG-USER-ERROR, Failed to preload image sp_141
%UIMSG-USER-ERROR, Failed to preload image sp_142
%UIMSG-USER-ERROR, Failed to preload image sp_143
%UIMSG-USER-ERROR, Failed to preload image sp_144
%UIMSG-USER-ERROR, Failed to preload image sp_145
%UIMSG-USER-ERROR, Failed to preload image sp_146
%UIMSG-USER-ERROR, Failed to preload image sp_147
%UIMSG-USER-ERROR, Failed to preload image sp_148
%UIMSG-USER-ERROR, Did not find resource translation file "procmdpmadtmtrgtaddlrefs.txt"
%UIMSG-USER-ERROR, Did not find resource translation file "procmdpmadtmtrgtareatype.txt"
%UIMSG-USER-ERROR, Did not find resource translation file "procmdpmadtmtrgtareawidth.txt"
%UIMSG-USER-ERROR, Did not find resource translation file "procmdpmadtmtrgtareaheight.txt"
%UIMSG-USER-ERROR, Did not find resource translation file "procmdpmadtmtrgtrefname.txt"
%UIMSG-USER-ERROR, Did not find resource translation file "procmdpmadtmtargetdfs.txt"
%UIMSG-USER-ERROR, Did not find resource translation file "procmdpmadtmtrgtsizeloc.txt"
%UIMSG-USER-ERROR, Did not find resource translation file "procmdpmadtmtrgtmovable.txt"
%UIMSG-USER-ERROR, Did not find resource translation file "procmdpmadtmtrgtflipsym.txt"
%UIMSG-USER-ERROR, Did not find resource translation file "procmdpmadtmtrgtldrtype.txt"
%UIMSG-USER-ERROR, Did not find resource translation file "procmdpmadtmtrgtldrside.txt"
%UIMSG-USER-ERROR, Did not find resource translation file "procmdpmainputgtolvalue.txt"
%UIMSG-USER-ERROR, Did not find resource translation file "procmdpmainputcompvalue.txt"
%UIMSG-USER-ERROR, Did not find resource translation file "procmdpmainputgtolname.txt"
%UIMSG-USER-ERROR, Did not find resource translation file "procmdpmainputgtolprimdtm.txt"
%UIMSG-USER-ERROR, Did not find resource translation file "procmdpmainputcompprimdtm.txt"
%UIMSG-USER-ERROR, Did not find resource translation file "procmdpmainputgtolsecdtm.txt"
%UIMSG-USER-ERROR, Did not find resource translation file "procmdpmainputcompsecdtm.txt"
%UIMSG-USER-ERROR, Did not find resource translation file "procmdpmainputgtolterdtm.txt"
%UIMSG-USER-ERROR, Did not find resource translation file "procmdpmainputcompterdtm.txt"
%UIMSG-USER-ERROR, Did not find resource translation file "procmdpmapshgtolprimdtm.txt"
%UIMSG-USER-ERROR, Did not find resource translation file "procmdpmapshgtolsecdtm.txt"
%UIMSG-USER-ERROR, Did not find resource translation file "procmdpmapshgtolterdtm.txt"
%UIMSG-USER-ERROR, Did not find resource translation file "procmdpmapshgtolboundary.txt"
%UIMSG-USER-ERROR, Did not find resource translation file "procmdpmapshcompgtoladd.txt"
%UIMSG-USER-ERROR, Did not find resource translation file "procmdpmapshcompgtoldel.txt"
%UIMSG-USER-ERROR, Did not find resource translation file "procmdpmapshcompgtolup.txt"
%UIMSG-USER-ERROR, Did not find resource translation file "procmdpmapshcompgtoldown.txt"
%UIMSG-USER-ERROR, Did not find resource translation file "procmdpmapshindgtoladd.txt"
%UIMSG-USER-ERROR, Did not find resource translation file "procmdpmapshindgtoldel.txt"
%UIMSG-USER-ERROR, Did not find resource translation file "procmdpmapshindgtolup.txt"
%UIMSG-USER-ERROR, Did not find resource translation file "procmdpmapshindgtoldown.txt"
%UIMSG-USER-ERROR, Did not find resource translation file "procmdpmapshgtolinddtm.txt"
%UIMSG-USER-ERROR, Did not find resource translation file "procmdpmainputinddatum.txt"
%UIMSG-USER-ERROR, Did not find resource translation file "procmdpmaoptgtolindtypes.txt"
%UIMSG-USER-ERROR, Did not find resource translation file "procmdpmaoptgtolindsym.txt"
%UIMSG-USER-ERROR, Did not find resource translation file "procmdpmaoptgtoldirfeatindsym.txt"
%UIMSG-USER-ERROR, Did not find resource translation file "procmdpmaoptgtolorplaneindsym.txt"
%UIMSG-USER-ERROR, Did not find resource translation file "procmdpmachkpnlcompgtol.txt"
%UIMSG-USER-ERROR, Did not find resource translation file "procmdpmachkpnlindgtol.txt"
%UIMSG-USER-ERROR, Did not find resource translation file "procmdpmapshgtolrefs.txt"
%UIMSG-USER-ERROR, Did not find resource translation file "procmdpmachksldpnlgtoltxt.txt"
%UIMSG-USER-ERROR, Did not find resource translation file "procmdpmachkgtoldepend.txt"
%UIMSG-USER-ERROR, Did not find resource translation file "procmdpmachkgtolmdlrefs.txt"
%UIMSG-USER-ERROR, Did not find resource translation file "procmdpmachkgtolsymbols.txt"
%UIMSG-USER-ERROR, Did not find resource translation file "procmdpmachkallaround.txt"
%UIMSG-USER-ERROR, Did not find resource translation file "procmdpmachkgtolallover.txt"
%UIMSG-USER-ERROR, Did not find resource translation file "procmdpmaoptgtolleader.txt"
%UIMSG-USER-ERROR, Did not find resource translation file "procmdpmatablecompgtol.txt"
%UIMSG-USER-ERROR, Did not find resource translation file "procmdpmatableindgtol.txt"
%UIMSG-USER-ERROR, Did not find resource translation file "procmdpmachksharedtmrefs.txt"
%UIMSG-USER-ERROR, Did not find resource translation file "procmdpmachkgtolalgnabvtxt.txt"
%UIMSG-USER-ERROR, Did not find resource translation file "procmdpmachkgtolalgnbeltxt.txt"
%UIMSG-USER-ERROR, Did not find resource translation file "procmdpmainpgtolabvtxt.txt"
%UIMSG-USER-ERROR, Did not find resource translation file "procmdpmainpgtolbeltxt.txt"
%UIMSG-USER-ERROR, Did not find resource translation file "procmdpmainpgtollefttxt.txt"
%UIMSG-USER-ERROR, Did not find resource translation file "procmdpmainpgtolrighttxt.txt"
%UIMSG-USER-ERROR, Did not find resource translation file "procmdpmatoggleabvboxtxt.txt"
%UIMSG-USER-ERROR, Did not find resource translation file "procmdpmatogglebelboxtxt.txt"
%UIMSG-USER-ERROR, Did not find resource translation file "procmdpmagtolrighttextalign.txt"
%UIMSG-USER-ERROR, Did not find resource translation file "procmdpmachkunilateral.txt"
%UIMSG-USER-ERROR, Did not find resource translation file "procmdpmapshuniflip.txt"
%UIMSG-USER-ERROR, Did not find resource translation file "procmdpmaoptgtoltype.txt"
%UIMSG-USER-ERROR, Did not find resource translation file "procmdpmadfsaddlrefs.txt"
%UIMSG-USER-ERROR, Did not find resource translation file "procmdpmadfslabel.txt"
%UIMSG-USER-ERROR, Did not find resource translation file "procmdpmadfsaddltext.txt"
%UIMSG-USER-ERROR, Did not find resource translation file "procmdpmadfsrotaddltext.txt"
%UIMSG-USER-ERROR, Did not find resource translation file "procmdpmadfsuseasme.txt"
%UIMSG-USER-ERROR, Did not find resource translation file "procmdpmadfsdisplaytype.txt"
%UIMSG-USER-ERROR, Did not find resource translation file "procmdpmadfsleadertype.txt"
%UIMSG-USER-ERROR, Did not find resource translation file "procmdpmainpnotename.txt"
%UIMSG-USER-ERROR, Did not find resource translation file "procmdpmapushnotereferences.txt"
%UIMSG-USER-ERROR, Did not find resource translation file "procmdpmapushnoteedittext.txt"
%UIMSG-USER-ERROR, Did not find resource translation file "procmddtlpushsymrbn.txt"
%UIMSG-USER-ERROR, Did not find resource translation file "procmdpmachksldpnlsymcustom.txt"
%UIMSG-USER-ERROR, Did not find resource translation file "procmdpmachksldpnlsympalette.txt"
%UIMSG-USER-ERROR, Did not find resource translation file "procmdpmachksymrepeat.txt"
%UIMSG-USER-ERROR, Did not find resource translation file "procmdpmaoptsymlib.txt"
%UIMSG-USER-ERROR, Did not find resource translation file "procmdpmapushbrowsesymdef.txt"
%UIMSG-USER-ERROR, Did not find resource translation file "procmdpmapushcancel.txt"
%UIMSG-USER-ERROR, Did not find resource translation file "procmdpmapushsymreferences.txt"
%UIMSG-USER-ERROR, Did not find resource translation file "procmdpmapushsymplusninty.txt"
%UIMSG-USER-ERROR, Did not find resource translation file "procmdpmainpsymheight.txt"
%UIMSG-USER-ERROR, Did not find resource translation file "procmdpmainpsymproportion.txt"
%UIMSG-USER-ERROR, Did not find resource translation file "procmdpmainpsymangle.txt"
%UIMSG-USER-ERROR, Did not find resource translation file "procmdannotsymbolpreviewrefit.txt"
%UIMSG-USER-ERROR, Did not find resource translation file "procmdannotsymbolswitchvartext.txt"
%UIMSG-USER-ERROR, Did not find resource translation file "procmdannotsymbolvariabletext.txt"
%UIMSG-USER-ERROR, Did not find resource translation file "procmdpmainpsymdefname.txt"
%UIMSG-USER-ERROR, Did not find resource translation file "procmdpmachksldpnlsymdefname.txt"
%UIMSG-USER-ERROR, Did not find resource translation file "procmdannotsympalgallerydlg.txt"
%UIMSG-USER-ERROR, Did not find resource translation file "procmdsympaligtrefit.txt"
%UIMSG-USER-ERROR, Did not find resource translation file "procmdsympaligtzoomtosel.txt"
%UIMSG-USER-ERROR, Did not find resource translation file "procmdsympaligtprevsheet.txt"
%UIMSG-USER-ERROR, Did not find resource translation file "procmdsympaligtnextsheet.txt"
%UIMSG-USER-ERROR, Did not find resource translation file "procmdsympaligtopen.txt"
%UIMSG-USER-ERROR, Did not find resource translation file "procmdsympaligtadd.txt"
%UIMSG-USER-ERROR, Did not find resource translation file "procmdsympaligtmove.txt"
%UIMSG-USER-ERROR, Did not find resource translation file "procmdsympaligtdelete.txt"
%UIMSG-USER-ERROR, Did not find resource translation file "procmdsympaligtsave.txt"
%UIMSG-USER-ERROR, Did not find resource translation file "procmdpmainputhatchangle.txt"
%UIMSG-USER-ERROR, Did not find resource translation file "procmdpmabtnhatchrotclock.txt"
%UIMSG-USER-ERROR, Did not find resource translation file "procmdpmabtnhatchrotcntr.txt"
%UIMSG-USER-ERROR, Did not find resource translation file "procmdpmainputhatchscale.txt"
%UIMSG-USER-ERROR, Did not find resource translation file "procmdpmabtnhatchscaleup.txt"
%UIMSG-USER-ERROR, Did not find resource translation file "procmdpmabtnhatchscaledn.txt"
%UIMSG-USER-ERROR, Did not find resource translation file "procmdpmainputhatchtransx.txt"
%UIMSG-USER-ERROR, Did not find resource translation file "procmdpmainputhatchtransy.txt"
%UIMSG-USER-ERROR, Did not find resource translation file "procmdpmabtnhatchanglereset.txt"
%UIMSG-USER-ERROR, Did not find resource translation file "procmdpmabtnhatchscalereset.txt"
%UIMSG-USER-ERROR, Did not find resource translation file "procmdpmabtnhatchtransxreset.txt"
%UIMSG-USER-ERROR, Did not find resource translation file "procmdpmabtnhatchtransyreset.txt"
%UIMSG-USER-ERROR, Did not find resource translation file "procmdpmainputhatchcolorset.txt"
%UIMSG-USER-ERROR, Did not find resource translation file "procmdpmacascadehatchlib.txt"
%UIMSG-USER-ERROR, Did not find resource translation file "procmdpmapushbrowsehatch.txt"
%UIMSG-USER-ERROR, Did not find resource translation file "procmdpmabtnhatchsolid.txt"
%UIMSG-USER-ERROR, Did not find resource translation file "procmdpmabtnhatchcopy.txt"
%UIMSG-USER-ERROR, Did not find resource translation file "procmdpmabtnhatchconvert.txt"
%UIMSG-USER-ERROR, Did not find resource translation file "procmdpmapushhatchdbg.txt"
%UIMSG-USER-ERROR, Did not find resource translation file "procmdpmabtnhatchexclude.txt"
%UIMSG-USER-ERROR, Did not find resource translation file "procmdpmabtnhatchinclude.txt"
%UIMSG-USER-ERROR, Did not find resource translation file "procmdpmabtnhatchhide.txt"
%UIMSG-USER-ERROR, Did not find resource translation file "procmdpmabtnhatchshow.txt"
%UIMSG-USER-ERROR, Did not find resource translation file "procmdpmabtnhatchshowall.txt"
%UIMSG-USER-ERROR, Did not find resource translation file "procmdpmabtnhatchshowonly.txt"
%UIMSG-USER-ERROR, Did not find resource translation file "procmdpmabtnhatchunhideall.txt"
%UIMSG-USER-ERROR, Did not find resource translation file "procmdpmabtnhatchdep.txt"
%UIMSG-USER-ERROR, Did not find resource translation file "procmdpmabtnhatchindep.txt"
%UIMSG-USER-ERROR, Did not find resource translation file "procmdpmabtnhatchfrompart.txt"
%UIMSG-USER-ERROR, Did not find resource translation file "procmdpmabtnhatchusemdl.txt"
%UIMSG-USER-ERROR, Did not find resource translation file "procmdpmachksldpnlsurfcust.txt"
%UIMSG-USER-ERROR, Did not find resource translation file "procmdpmaoptsurffinlib.txt"
%UIMSG-USER-ERROR, Did not find resource translation file "procmdpmasurfpushcancel.txt"
%UIMSG-USER-ERROR, Did not find resource translation file "procmdpmapushsurffinref.txt"
%UIMSG-USER-ERROR, Did not find resource translation file "procmdpmachksldpnlsurfdefnm.txt"
%UIMSG-USER-ERROR, Did not find resource translation file "procmdpmaoptsurffinmdllist.txt"
%UIMSG-USER-ERROR, Did not find resource translation file "procmdpmasurfpushselmodel.txt"
%UIMSG-USER-ERROR, Did not find resource translation file "procmdpmacolldelete.txt"
%UIMSG-USER-ERROR, Did not find resource translation file "procmdpmacolldeleteall.txt"
%UIMSG-USER-ERROR, Did not find resource translation file "toolbar_cat.txt"
%UIMSG-USER-ERROR, Did not find resource translation file "drw_toolbar_cat.txt"
%UIMSG-USER-ERROR, Did not find resource translation file "procmddwgpapergallery.txt"
%UIMSG-USER-ERROR, Did not find resource translation file "procmddwgorientationgallery.txt"
%UIMSG-USER-ERROR, Did not find resource translation file "procmd3dprintpreviewclose.txt"
%UIMSG-USER-ERROR, Did not find resource translation file "procmd3dprintorderclose.txt"
%UIMSG-USER-ERROR, Did not find resource translation file "procmd3dprint.txt"
%UIMSG-USER-ERROR, Did not find resource translation file "procmd3dplaceanorder.txt"
%UIMSG-USER-ERROR, Did not find resource translation file "procmd3dprintsaveas.txt"
%UIMSG-USER-ERROR, Did not find resource translation file "procmd3dprintmachine.txt"
%UIMSG-APPLICATION-ERROR, GetImageInfo: Failed to find image "imgf_col_16x16_0_33554431"
%UIMSG-USER-ERROR, Did not find resource translation file "procmd3dprintcolor.txt"
%UIMSG-USER-ERROR, Did not find resource translation file "procmdsimlivegallerysel.txt"
%UIMSG-USER-ERROR, Did not find resource translation file "rmb_popup.txt"
%UIMSG-USER-ERROR, Did not find resource translation file "search_panel_lay.txt"
%UIMSG-USER-ERROR, Did not find resource translation file "mdltree_ph.txt"
%UIMSG-USER-ERROR, Did not find resource translation file "favorites_layout.txt"
%UIMSG-USER-ERROR, Did not find resource translation file "history_layout.txt"
%UIMSG-USER-ERROR, Did not find resource translation file "viewtab_layout.txt"
%UIMSG-USER-ERROR, Did not find resource translation file "simple_search_ph.txt"
%UIMSG-USER-ERROR, Did not find resource translation file "lay_stop.txt"
%UIMSG-USER-ERROR, Did not find resource translation file "procmdeditdelete.txt"
%UIMSG-USER-ERROR, Did not find resource translation file "procmdeditdeletesket.txt"
%UIMSG-USER-ERROR, Did not find resource translation file "procmdeditdeleteasf.txt"
%UIMSG-USER-ERROR, Did not find resource translation file "procmdeditcopy.txt"
%UIMSG-USER-ERROR, Did not find resource translation file "procmdeditpaste.txt"
%UIMSG-USER-ERROR, Did not find resource translation file "procmdeditcut.txt"
%UIMSG-USER-ERROR, Did not find resource translation file "procmdwinactivate.txt"
%UIMSG-USER-ERROR, Did not find resource translation file "procmdwinclosegroup.txt"
%UIMSG-USER-ERROR, Did not find resource translation file "procmdmodelerase.txt"
%UIMSG-USER-ERROR, Did not find resource translation file "procmdmdltreesearch.txt"
%UIMSG-USER-ERROR, Did not find resource translation file "appearance_gallery.txt"
%UIMSG-USER-ERROR, Did not find resource translation file "appearance_palettes.txt"
%UIMSG-USER-ERROR, Did not find resource translation file "appearance_samples_layout.txt"
%UIMSG-USER-ERROR, Did not find resource translation file "uit_gallery_sel_list.txt"
%UIMSG-USER-ERROR, Did not find resource translation file "pro_rbn_3d_print.txt"
%UIMSG-USER-ERROR, Did not find resource translation file "pro_rbn_act_asm.txt"
%UIMSG-USER-ERROR, Did not find resource translation file "pro_rbn_act_asm_in_esr.txt"
%UIMSG-USER-ERROR, Did not find resource translation file "pro_rbn_act_cnfg_structure.txt"
%UIMSG-USER-ERROR, Did not find resource translation file "pro_rbn_act_ecadasm.txt"
%UIMSG-USER-ERROR, Did not find resource translation file "pro_rbn_act_prt.txt"
%UIMSG-USER-ERROR, Did not find resource translation file "pro_rbn_act_prt_in_esr.txt"
%UIMSG-USER-ERROR, Did not find resource translation file "pro_rbn_act_prt_smt.txt"
%UIMSG-USER-ERROR, Did not find resource translation file "pro_rbn_asm.txt"
%UIMSG-USER-ERROR, Did not find resource translation file "pro_rbn_asm_inchg.txt"
%UIMSG-USER-ERROR, Did not find resource translation file "pro_rbn_asm_mold.txt"
%UIMSG-USER-ERROR, Did not find resource translation file "pro_rbn_asm_motn_skel.txt"
%UIMSG-USER-ERROR, Did not find resource translation file "pro_rbn_asm_nc.txt"
%UIMSG-USER-ERROR, Did not find resource translation file "pro_rbn_asm_plan.txt"
%UIMSG-USER-ERROR, Did not find resource translation file "pro_rbn_asm_simp_rep.txt"
%UIMSG-USER-ERROR, Did not find resource translation file "pro_rbn_cast_act_asm.txt"
%UIMSG-USER-ERROR, Did not find resource translation file "pro_rbn_cast_act_prt.txt"
%UIMSG-USER-ERROR, Did not find resource translation file "pro_rbn_cast_act_prt_smt.txt"
%UIMSG-USER-ERROR, Did not find resource translation file "pro_rbn_ce.txt"
%UIMSG-USER-ERROR, Did not find resource translation file "pro_rbn_ce_import.txt"
%UIMSG-USER-ERROR, Did not find resource translation file "pro_rbn_ce_print_preview.txt"
%UIMSG-USER-ERROR, Did not find resource translation file "pro_rbn_ce_show_diff_tabmain_adb_cat.txt"
%UIMSG-USER-ERROR, Did not find resource translation file "pro_rbn_ce_trace_sketch.txt"
%UIMSG-USER-ERROR, Did not find resource translation file "pro_rbn_cg_show_diff_tabmain_adb_cat.txt"
%UIMSG-USER-ERROR, Did not find resource translation file "pro_rbn_cm_active_container.txt"
%UIMSG-USER-ERROR, Did not find resource translation file "pro_rbn_cm_cnfg_structure.txt"
%UIMSG-USER-ERROR, Did not find resource translation file "pro_rbn_cm_container.txt"
%UIMSG-USER-ERROR, Did not find resource translation file "pro_rbn_cm_verify_variant.txt"
%UIMSG-USER-ERROR, Did not find resource translation file "pro_rbn_config_model_app.txt"
%UIMSG-USER-ERROR, Did not find resource translation file "pro_rbn_ctxt_annot_dfs.txt"
%UIMSG-USER-ERROR, Did not find resource translation file "pro_rbn_ctxt_dim_prop_drw.txt"
%UIMSG-USER-ERROR, Did not find resource translation file "pro_rbn_ctxt_dtm_tgt.txt"
%UIMSG-USER-ERROR, Did not find resource translation file "pro_rbn_ctxt_format.txt"
%UIMSG-USER-ERROR, Did not find resource translation file "pro_rbn_ctxt_format_drw.txt"
%UIMSG-USER-ERROR, Did not find resource translation file "pro_rbn_ctxt_format_lay.txt"
%UIMSG-USER-ERROR, Did not find resource translation file "pro_rbn_ctxt_format_mech.txt"
%UIMSG-USER-ERROR, Did not find resource translation file "pro_rbn_ctxt_gtol_prop_drw.txt"
%UIMSG-USER-ERROR, Did not find resource translation file "pro_rbn_ctxt_srffin_prop.txt"
%UIMSG-USER-ERROR, Did not find resource translation file "pro_rbn_ctxt_sym_inst_prop.txt"
%UIMSG-USER-ERROR, Did not find resource translation file "pro_rbn_ctxt_xhatch_edit.txt"
%UIMSG-USER-ERROR, Did not find resource translation file "pro_rbn_dashboard.txt"
%UIMSG-USER-ERROR, Did not find resource translation file "pro_rbn_drw.txt"
%UIMSG-USER-ERROR, Did not find resource translation file "pro_rbn_drw_ce_import_acc.txt"
%UIMSG-USER-ERROR, Did not find resource translation file "pro_rbn_drw_export_preview.txt"
%UIMSG-USER-ERROR, Did not find resource translation file "pro_rbn_drw_pipe.txt"
%UIMSG-USER-ERROR, Did not find resource translation file "pro_rbn_drw_print_preview.txt"
%UIMSG-USER-ERROR, Did not find resource translation file "pro_rbn_drw_tmpl.txt"
%UIMSG-USER-ERROR, Did not find resource translation file "pro_rbn_dwg_print_preview.txt"
%UIMSG-USER-ERROR, Did not find resource translation file "pro_rbn_ecad_asm_flat_acc.txt"
%UIMSG-USER-ERROR, Did not find resource translation file "pro_rbn_ecad_collab.txt"
%UIMSG-USER-ERROR, Did not find resource translation file "pro_rbn_ecad_flat_pat_acc.txt"
%UIMSG-USER-ERROR, Did not find resource translation file "pro_rbn_ecadasm.txt"
%UIMSG-USER-ERROR, Did not find resource translation file "pro_rbn_fem_mesh_review.txt"
%UIMSG-USER-ERROR, Did not find resource translation file "pro_rbn_fmt.txt"
%UIMSG-USER-ERROR, Did not find resource translation file "pro_rbn_instr.txt"
%UIMSG-USER-ERROR, Did not find resource translation file "pro_rbn_lay.txt"
%UIMSG-USER-ERROR, Did not find resource translation file "pro_rbn_layout.txt"
%UIMSG-USER-ERROR, Did not find resource translation file "pro_rbn_lghtn_intrch.txt"
%UIMSG-USER-ERROR, Did not find resource translation file "pro_rbn_main_adb_cat.txt"
%UIMSG-USER-ERROR, Did not find resource translation file "pro_rbn_mechanica_sf3.txt"
%UIMSG-USER-ERROR, Did not find resource translation file "pro_rbn_mechanica_sn2.txt"
%UIMSG-USER-ERROR, Did not find resource translation file "pro_rbn_mechanica_sn3.txt"
%UIMSG-USER-ERROR, Did not find resource translation file "pro_rbn_mechanica_standby.txt"
%UIMSG-USER-ERROR, Did not find resource translation file "pro_rbn_mechanica_tf3.txt"
%UIMSG-USER-ERROR, Did not find resource translation file "pro_rbn_mechanica_tn2.txt"
%UIMSG-USER-ERROR, Did not find resource translation file "pro_rbn_mechanica_tn3.txt"
%UIMSG-USER-ERROR, Did not find resource translation file "pro_rbn_mfg_act_asm.txt"
%UIMSG-USER-ERROR, Did not find resource translation file "pro_rbn_mfg_act_prt.txt"
%UIMSG-USER-ERROR, Did not find resource translation file "pro_rbn_mfg_act_smt.txt"
%UIMSG-USER-ERROR, Did not find resource translation file "pro_rbn_mfg_asm.txt"
%UIMSG-USER-ERROR, Did not find resource translation file "pro_rbn_mfg_cast.txt"
%UIMSG-USER-ERROR, Did not find resource translation file "pro_rbn_mfg_cmm.txt"
%UIMSG-USER-ERROR, Did not find resource translation file "pro_rbn_mfg_die_vol.txt"
%UIMSG-USER-ERROR, Did not find resource translation file "pro_rbn_mfg_dief.txt"
%UIMSG-USER-ERROR, Did not find resource translation file "pro_rbn_mfg_feat.txt"
%UIMSG-USER-ERROR, Did not find resource translation file "pro_rbn_mfg_harn.txt"
%UIMSG-USER-ERROR, Did not find resource translation file "pro_rbn_mfg_harn_acc.txt"
%UIMSG-USER-ERROR, Did not find resource translation file "pro_rbn_mfg_mill_surf.txt"
%UIMSG-USER-ERROR, Did not find resource translation file "pro_rbn_mfg_mill_vol.txt"
%UIMSG-USER-ERROR, Did not find resource translation file "pro_rbn_mfg_mold.txt"
%UIMSG-USER-ERROR, Did not find resource translation file "pro_rbn_mfg_parting_surf.txt"
%UIMSG-USER-ERROR, Did not find resource translation file "pro_rbn_mfg_parting_surfmain_adb_cat.txt"
%UIMSG-USER-ERROR, Did not find resource translation file "pro_rbn_mfg_prt.txt"
%UIMSG-USER-ERROR, Did not find resource translation file "pro_rbn_mfg_psplg.txt"
%UIMSG-USER-ERROR, Did not find resource translation file "pro_rbn_mfg_smt.txt"
%UIMSG-USER-ERROR, Did not find resource translation file "pro_rbn_mfg_vol_redef.txt"
%UIMSG-USER-ERROR, Did not find resource translation file "pro_rbn_mold_act_asm.txt"
%UIMSG-USER-ERROR, Did not find resource translation file "pro_rbn_mold_act_prt.txt"
%UIMSG-USER-ERROR, Did not find resource translation file "pro_rbn_mold_act_prt_smt.txt"
%UIMSG-USER-ERROR, Did not find resource translation file "pro_rbn_mold_lay_act_asm.txt"
%UIMSG-USER-ERROR, Did not find resource translation file "pro_rbn_mold_lay_act_prt.txt"
%UIMSG-USER-ERROR, Did not find resource translation file "pro_rbn_mold_lay_act_smt.txt"
%UIMSG-USER-ERROR, Did not find resource translation file "pro_rbn_new.txt"
%UIMSG-USER-ERROR, Did not find resource translation file "pro_rbn_new_.txt"
%UIMSG-USER-ERROR, Did not find resource translation file "pro_rbn_new_geg_ribbon.txt"
%UIMSG-USER-ERROR, Did not find resource translation file "pro_rbn_new_mold_mastermain_adb_cat.txt"
%UIMSG-USER-ERROR, Did not find resource translation file "pro_rbn_new_smt_ecad_activemain_adb_cat.txt"
%UIMSG-USER-ERROR, Did not find resource translation file "pro_rbn_new_smt_ecad_partmain_adb_cat.txt"
%UIMSG-USER-ERROR, Did not find resource translation file "pro_rbn_ondemand_animation.txt"
%UIMSG-USER-ERROR, Did not find resource translation file "pro_rbn_ondemand_assy_weld.txt"
%UIMSG-USER-ERROR, Did not find resource translation file "pro_rbn_ondemand_cabling.txt"
%UIMSG-USER-ERROR, Did not find resource translation file "pro_rbn_ondemand_mechanism.txt"
%UIMSG-USER-ERROR, Did not find resource translation file "pro_rbn_ondemand_mold_cast.txt"
%UIMSG-USER-ERROR, Did not find resource translation file "pro_rbn_ondemand_piping.txt"
%UIMSG-USER-ERROR, Did not find resource translation file "pro_rbn_ondemand_weld.txt"
%UIMSG-USER-ERROR, Did not find resource translation file "pro_rbn_part_print_preview.txt"
%UIMSG-USER-ERROR, Did not find resource translation file "pro_rbn_pipe_repl.txt"
%UIMSG-USER-ERROR, Did not find resource translation file "pro_rbn_print3d_freemium.txt"
%UIMSG-USER-ERROR, Did not find resource translation file "pro_rbn_prt.txt"
%UIMSG-USER-ERROR, Did not find resource translation file "pro_rbn_prt_body_skel.txt"
%UIMSG-USER-ERROR, Did not find resource translation file "pro_rbn_prt_bulk.txt"
%UIMSG-USER-ERROR, Did not find resource translation file "pro_rbn_prt_cmt.txt"
%UIMSG-USER-ERROR, Did not find resource translation file "pro_rbn_prt_cmt_igt.txt"
%UIMSG-USER-ERROR, Did not find resource translation file "pro_rbn_prt_mechpost.txt"
%UIMSG-USER-ERROR, Did not find resource translation file "pro_rbn_prt_mechpost_acc.txt"
%UIMSG-USER-ERROR, Did not find resource translation file "pro_rbn_prt_skel.txt"
%UIMSG-USER-ERROR, Did not find resource translation file "pro_rbn_prt_smt.txt"
%UIMSG-USER-ERROR, Did not find resource translation file "pro_rbn_redef_imp.txt"
%UIMSG-USER-ERROR, Did not find resource translation file "pro_rbn_sec.txt"
%UIMSG-USER-ERROR, Did not find resource translation file "pro_rbn_sim_gd_str.txt"
%UIMSG-USER-ERROR, Did not find resource translation file "pro_rbn_simaim_mixed.txt"
%UIMSG-USER-ERROR, Did not find resource translation file "pro_rbn_simaim_modal.txt"
%UIMSG-USER-ERROR, Did not find resource translation file "pro_rbn_simaim_modal_asm.txt"
%UIMSG-USER-ERROR, Did not find resource translation file "pro_rbn_simaim_results.txt"
%UIMSG-USER-ERROR, Did not find resource translation file "pro_rbn_simaim_str.txt"
%UIMSG-USER-ERROR, Did not find resource translation file "pro_rbn_simaim_str_asm.txt"
%UIMSG-USER-ERROR, Did not find resource translation file "pro_rbn_simaim_therm.txt"
%UIMSG-USER-ERROR, Did not find resource translation file "pro_rbn_simaim_therm_asm.txt"
%UIMSG-USER-ERROR, Did not find resource translation file "pro_rbn_simaim_tryout.txt"
%UIMSG-USER-ERROR, Did not find resource translation file "pro_rbn_simple_asm.txt"
%UIMSG-USER-ERROR, Did not find resource translation file "pro_rbn_sketcher.txt"
%UIMSG-USER-ERROR, Did not find resource translation file "pro_rbn_smt_flat_pat_acc.txt"
%UIMSG-USER-ERROR, Did not find resource translation file "pro_rbn_space_claim.txt"
%UIMSG-USER-ERROR, Did not find resource translation file "pro_rbn_space_claim_act.txt"
%UIMSG-USER-ERROR, Did not find resource translation file "pro_rbn_sub_composite_dsgn.txt"
%UIMSG-USER-ERROR, Did not find resource translation file "pro_rbn_sub_envlp.txt"
%UIMSG-USER-ERROR, Did not find resource translation file "pro_rbn_sub_facet.txt"
%UIMSG-USER-ERROR, Did not find resource translation file "pro_rbn_sub_idd.txt"
%UIMSG-USER-ERROR, Did not find resource translation file "pro_rbn_sub_pts.txt"
%UIMSG-USER-ERROR, Did not find resource translation file "pro_rbn_sub_restyle.txt"
%UIMSG-USER-ERROR, Did not find resource translation file "pro_rbn_sub_scant.txt"
%UIMSG-USER-ERROR, Did not find resource translation file "pro_rbn_sub_scant_adv.txt"
%UIMSG-USER-ERROR, Did not find resource translation file "pro_rbn_sub_smt_firstwall.txt"
%UIMSG-USER-ERROR, Did not find resource translation file "pro_rbn_sub_style.txt"
%UIMSG-USER-ERROR, Did not find resource translation file "pro_rbn_sub_wrap.txt"
%UIMSG-USER-ERROR, Did not find resource translation file "pro_rbn_subdiv.txt"
%UIMSG-USER-ERROR, Did not find resource translation file "pro_rbn_topo_opt_fct.txt"
%UIMSG-USER-ERROR, Did not find resource translation file "pro_rbn_topo_opt_str.txt"
%UIMSG-USER-ERROR, Did not find resource translation file "pro_rbn_trace_sketch.txt"
%UIMSG-USER-ERROR, Did not find resource translation file "pro_rbn_tray_asm.txt"
%UIMSG-USER-ERROR, Did not find resource translation file "pro_rbn_tray_asm_appearset.txt"
%UIMSG-USER-ERROR, Did not find resource translation file "pro_rbn_tray_asm_create_cart.txt"
%UIMSG-USER-ERROR, Did not find resource translation file "pro_rbn_tray_asm_latticeset.txt"
%UIMSG-USER-ERROR, Did not find resource translation file "pro_rbn_tray_asm_order_print.txt"
%UIMSG-USER-ERROR, Did not find resource translation file "pro_rbn_tray_asm_scale.txt"
%UIMSG-USER-ERROR, Did not find resource translation file "pro_rbn_xsec_2d_view_acc.txt"
%UIMSG-USER-ERROR, Did not find resource translation file "pro_rbn_cmd_groups.txt"
%UIMSG-USER-ERROR, Did not find resource translation file "pro_rbn_intool_toolbar_menu.txt"
%UIMSG-USER-ERROR, Did not find resource translation file "pro_rbn_minitoolbars.txt"
%UIMSG-USER-ERROR, Did not find resource translation file "pro_rbn_rmbmenus.txt"
%UIMSG-USER-ERROR, Did not find resource translation file "pro_ulc_commandinfodata.txt"
%UIMSG-USER-ERROR, Did not find resource translation file "adbcmdsearchcommand.txt"
%UIMSG-USER-ERROR, Did not find resource translation file "adbcmdminimizeribbon.txt"
%UIMSG-USER-ERROR, Did not find resource translation file "appl_menu_pane.txt"
%UIMSG-USER-ERROR, Did not find resource translation file "bottom_column_pane.txt"
%UIMSG-USER-ERROR, Did not find resource translation file "left_column_pane.txt"
%UIMSG-USER-ERROR, Did not find resource translation file "right_column_pane.txt"
%UIMSG-USER-ERROR, Did not find resource translation file "procmdmodelopen.txt"
%UIMSG-USER-ERROR, Did not find resource translation file "procmdmodelupdatecur.txt"
%UIMSG-USER-ERROR, Did not find resource translation file "procmdmodelupdateall.txt"
%UIMSG-USER-ERROR, Did not find resource translation file "procmdwcintegrate.txt"
%UIMSG-USER-ERROR, Did not find resource translation file "procmdmdltreewfchkinexp.txt"
%UIMSG-USER-ERROR, Did not find resource translation file "procmdmdltreewfchkindet.txt"
%UIMSG-USER-ERROR, Did not find resource translation file "procmdmdltreewfedit.txt"
%UIMSG-USER-ERROR, Did not find resource translation file "procmdwfrevise.txt"
%UIMSG-USER-ERROR, Did not find resource translation file "procmdmdltreewfeditcancel.txt"
%UIMSG-USER-ERROR, Did not find resource translation file "procmdmodelsave.txt"
%UIMSG-USER-ERROR, Did not find resource translation file "procmdmodelsavetowindchill.txt"
%UIMSG-USER-ERROR, Did not find resource translation file "procmdmodelsaveallchanged.txt"
%UIMSG-USER-ERROR, Did not find resource translation file "procmdmodelsaveas.txt"
%UIMSG-USER-ERROR, Did not find resource translation file "procmdmodelbackup.txt"
%UIMSG-USER-ERROR, Did not find resource translation file "procmdmirrorassem.txt"
%UIMSG-USER-ERROR, Did not find resource translation file "procmdmirrorpart.txt"
%UIMSG-USER-ERROR, Did not find resource translation file "procmdsaveascsa.txt"
%UIMSG-USER-ERROR, Did not find resource translation file "procmdsaveasmodule.txt"
%UIMSG-USER-ERROR, Did not find resource translation file "procmdmodelexport.txt"
%UIMSG-USER-ERROR, Did not find resource translation file "procmdquickexport.txt"
%UIMSG-USER-ERROR, Did not find resource translation file "procmdexportpreview.txt"
%UIMSG-USER-ERROR, Did not find resource translation file "procmdplasticadvisor.txt"
%UIMSG-USER-ERROR, Did not find resource translation file "procmdsaveintrchasmodule.txt"
%UIMSG-USER-ERROR, Did not find resource translation file "procmdsimintegexportapr.txt"
%UIMSG-USER-ERROR, Did not find resource translation file "procmdsimintegexportdscodat.txt"
%UIMSG-USER-ERROR, Did not find resource translation file "procmdmodelprint.txt"
%UIMSG-USER-ERROR, Did not find resource translation file "procmdquickprint.txt"
%UIMSG-USER-ERROR, Did not find resource translation file "procmdquickdrawing.txt"
%UIMSG-USER-ERROR, Did not find resource translation file "procmdprintpreview.txt"
%UIMSG-USER-ERROR, Did not find resource translation file "procmd3dprintpreview.txt"
%UIMSG-USER-ERROR, Did not find resource translation file "procmd3dprintsend.txt"
%UIMSG-USER-ERROR, Did not find resource translation file "procmd3dprintfreemium.txt"
%UIMSG-USER-ERROR, Did not find resource translation file "procmd3dprintorder.txt"
%UIMSG-USER-ERROR, Did not find resource translation file "procmd3dprinttray.txt"
%UIMSG-USER-ERROR, Did not find resource translation file "procmdmodelrename.txt"
%UIMSG-USER-ERROR, Did not find resource translation file "procmdfilepurge.txt"
%UIMSG-USER-ERROR, Did not find resource translation file "procmdmodeldelete.txt"
%UIMSG-USER-ERROR, Did not find resource translation file "procmdmodelunlock.txt"
%UIMSG-USER-ERROR, Did not find resource translation file "procmdserverprops.txt"
%UIMSG-USER-ERROR, Did not find resource translation file "procmdmmdeclare.txt"
%UIMSG-USER-ERROR, Did not find resource translation file "procmddwgdeclare.txt"
%UIMSG-USER-ERROR, Did not find resource translation file "procmddwgundeclare.txt"
%UIMSG-USER-ERROR, Did not find resource translation file "procmdfilecopytovrmlnew.txt"
%UIMSG-USER-ERROR, Did not find resource translation file "procmdfileinstacceldlg.txt"
%UIMSG-USER-ERROR, Did not find resource translation file "procmdmdltreewflock.txt"
%UIMSG-USER-ERROR, Did not find resource translation file "procmdmmmodelproperties.txt"
%UIMSG-USER-ERROR, Did not find resource translation file "procmddwgproperties.txt"
%UIMSG-USER-ERROR, Did not find resource translation file "procmdmcmodelcheck.txt"
%UIMSG-USER-ERROR, Did not find resource translation file "procmdmcregen.txt"
%UIMSG-USER-ERROR, Did not find resource translation file "procmdmcrulecheck.txt"
%UIMSG-USER-ERROR, Did not find resource translation file "procmdmcgeomintegritycheck.txt"
%UIMSG-USER-ERROR, Did not find resource translation file "procmdmodelemailattach.txt"
%UIMSG-USER-ERROR, Did not find resource translation file "procmdmodelemaillink.txt"
%UIMSG-USER-ERROR, Did not find resource translation file "procmdmodelerasenotdisp.txt"
%UIMSG-USER-ERROR, Did not find resource translation file "procmdmodelerasecompreps.txt"
%UIMSG-USER-ERROR, Did not find resource translation file "procmdfileinstindexupdate.txt"
%UIMSG-USER-ERROR, Did not find resource translation file "procmdutiltrailtrain.txt"
%UIMSG-USER-ERROR, Did not find resource translation file "procmdutilwebregserv.txt"
%UIMSG-USER-ERROR, Did not find resource translation file "procmdsessionchangedir.txt"
%UIMSG-USER-ERROR, Did not find resource translation file "procmdinfoobjectlist.txt"
%UIMSG-USER-ERROR, Did not find resource translation file "procmdutilopenlinkdbrowser.txt"
%UIMSG-USER-ERROR, Did not find resource translation file "procmdhelpsystem.txt"
%UIMSG-USER-ERROR, Did not find resource translation file "procmdhelpknowledgebase.txt"
%UIMSG-USER-ERROR, Did not find resource translation file "procmdhelplogcall.txt"
%UIMSG-USER-ERROR, Did not find resource translation file "procmdhelponlineresources.txt"
%UIMSG-USER-ERROR, Did not find resource translation file "procmdhelpsupportinfo.txt"
%UIMSG-USER-ERROR, Did not find resource translation file "procmdhelpaboutproe.txt"
%UIMSG-USER-ERROR, Did not find resource translation file "procmdhelpaboutpt.txt"
%UIMSG-USER-ERROR, Did not find resource translation file "procmdribbonoptionsdlg.txt"
%UIMSG-USER-ERROR, Did not find resource translation file "procmdmanageuicustomization.txt"
%UIMSG-USER-ERROR, Did not find resource translation file "procmdmodelnew.txt"
%UIMSG-USER-ERROR, Did not find resource translation file "procmdmodelnewcaddoc.txt"
%UIMSG-USER-ERROR, Did not find resource translation file "procmdutilexport.txt"
%UIMSG-USER-ERROR, Did not find resource translation file "procmdutilimport.txt"
%UIMSG-USER-ERROR, Did not find resource translation file "procmdstartexperiment.txt"
%UIMSG-USER-ERROR, Did not find resource translation file "procmdretrievetryoutsess.txt"
%UIMSG-USER-ERROR, Did not find resource translation file "procmdtryouttoprpt.txt"
%UIMSG-USER-ERROR, Did not find resource translation file "procmdsettryoutsessprops.txt"
%UIMSG-USER-ERROR, Did not find resource translation file "procmdlocalbooks.txt"
%UIMSG-USER-ERROR, Did not find resource translation file "procmdlocalflex.txt"
%UIMSG-USER-ERROR, Did not find resource translation file "procmdlocalreadme.txt"
%UIMSG-USER-ERROR, Did not find resource translation file "procmdlocalwhatsnew.txt"
%UIMSG-USER-ERROR, Did not find resource translation file "procmdlocalconfig.txt"
%UIMSG-USER-ERROR, Did not find resource translation file "procmdexit.txt"
%UIMSG-USER-ERROR, Did not find resource translation file "adbcmdkeytips.txt"
%UIMSG-USER-ERROR, Did not find resource translation file "ProTk_DB_dev.txt"
%UIMSG-USER-ERROR, Did not find resource translation file "proe_menubars_lay.txt"
%UIMSG-USER-ERROR, Did not find resource translation file "file_pane.txt"
%UIMSG-USER-ERROR, Did not find resource translation file "detail_file_pane.txt"
%UIMSG-USER-ERROR, Did not find resource translation file "edit_pane.txt"
%UIMSG-USER-ERROR, Did not find resource translation file "detail_edit_pane.txt"
%UIMSG-USER-ERROR, Did not find resource translation file "sketch_pane.txt"
%UIMSG-USER-ERROR, Did not find resource translation file "insert_pane.txt"
%UIMSG-USER-ERROR, Did not find resource translation file "info_pane.txt"
%UIMSG-USER-ERROR, Did not find resource translation file "detail_info_pane.txt"
%UIMSG-USER-ERROR, Did not find resource translation file "view_pane.txt"
%UIMSG-USER-ERROR, Did not find resource translation file "detail_view_pane.txt"
%UIMSG-USER-ERROR, Did not find resource translation file "freeform_pane.txt"
%UIMSG-USER-ERROR, Did not find resource translation file "gm_global_model_pane.txt"
%UIMSG-USER-ERROR, Did not find resource translation file "utils_pane.txt"
%UIMSG-USER-ERROR, Did not find resource translation file "detail_utils_pane.txt"
%UIMSG-USER-ERROR, Did not find resource translation file "window_pane.txt"
%UIMSG-USER-ERROR, Did not find resource translation file "mapkeys_pane.txt"
%UIMSG-USER-ERROR, Did not find resource translation file "mill_pane.txt"
%UIMSG-USER-ERROR, Did not find resource translation file "format_pane.txt"
%UIMSG-USER-ERROR, Did not find resource translation file "analysis_pane.txt"
%UIMSG-USER-ERROR, Did not find resource translation file "detail_analysis_pane.txt"
%UIMSG-USER-ERROR, Did not find resource translation file "manikin_pane.txt"
%UIMSG-USER-ERROR, Did not find resource translation file "help_pane.txt"
%UIMSG-USER-ERROR, Did not find resource translation file "mldmfg_pane.txt"
%UIMSG-USER-ERROR, Did not find resource translation file "mldassem_pane.txt"
%UIMSG-USER-ERROR, Did not find resource translation file "mfgstp_pane.txt"
%UIMSG-USER-ERROR, Did not find resource translation file "animation_pane.txt"
%UIMSG-USER-ERROR, Did not find resource translation file "asfeat_pane.txt"
%UIMSG-USER-ERROR, Did not find resource translation file "idd_pane.txt"
%UIMSG-USER-ERROR, Did not find resource translation file "restyle_pane.txt"
%UIMSG-USER-ERROR, Did not find resource translation file "appls_pane.txt"
%UIMSG-USER-ERROR, Did not find resource translation file "table_pane.txt"
%UIMSG-USER-ERROR, Did not find resource translation file "pnts_pane.txt"
%UIMSG-USER-ERROR, Did not find resource translation file "wrap_pane.txt"
%UIMSG-USER-ERROR, Did not find resource translation file "ftune_pane.txt"
%UIMSG-USER-ERROR, Did not find resource translation file "fcet_pane.txt"
%UIMSG-USER-ERROR, Did not find resource translation file "mesh_pane.txt"
%UIMSG-USER-ERROR, Did not find resource translation file "autogem_pane.txt"
%UIMSG-USER-ERROR, Did not find resource translation file "properties_pane.txt"
%UIMSG-USER-ERROR, Did not find resource translation file "mfgstep_pane.txt"
%UIMSG-USER-ERROR, Did not find resource translation file "mfgrsrc_pane.txt"
%UIMSG-USER-ERROR, Did not find resource translation file "adb_main_menu.txt"
%UIMSG-USER-ERROR, TitleBarImage "creo_logo_parametric.ico" is the wrong size (32x32) for main_dlg_w1
%UIMSG-APPLICATION-ERROR, Did not find item <PHTLeft.CeViewTabLay> in Tab PHTLeft.ProExplorerTab@main_dlg_w1
%UIMSG-APPLICATION-ERROR, Failed to modify component: PHTLeft.ProExplorerTab, in device: main_dlg_w1
%UIMSG-APPLICATION-ERROR, Did not find item <PHTLeft.HistLay> in Tab PHTLeft.ProExplorerTab@main_dlg_w1
%UIMSG-APPLICATION-ERROR, Failed to modify component: PHTLeft.ProExplorerTab, in device: main_dlg_w1
%UIMSG-USER-ERROR, Did not find resource translation file "uit_docked_titlebar.txt"
%UIMSG-USER-ERROR, Did not find resource translation file "uit_undocked_titlebar.txt"
%UIMSG-APPLICATION-ERROR, Tab has 2 items, but trying to set 3 selectables
%UIMSG-APPLICATION-ERROR, Failed to modify component: PHTLeft.ProExplorerTab, in device: main_dlg_w1
%UIMSG-USER-ERROR, Did not find resource translation file "regenstatusbar.txt"
%UIMSG-USER-ERROR, Did not find resource translation file "regennotifystatusbar.txt"
%UIMSG-USER-ERROR, Did not find resource translation file "procmdinfonmgrlightdlg.txt"
%UIMSG-USER-ERROR, Did not find resource translation file "procmdinforegenstatusbtn.txt"
%UIMSG-USER-ERROR, Did not find resource translation file "selstatbar.txt"
%UIMSG-USER-ERROR, Did not find resource translation file "view_status_bar_layout.txt"
%UIMSG-USER-ERROR, Did not find resource translation file "igt_status_bar_layout.txt"
%UIMSG-USER-ERROR, Did not find resource translation file "process_mgr_status_bar_layout.txt"
%UIMSG-USER-ERROR, Did not find resource translation file "simgd_status_bar_layout.txt"
%UIMSG-USER-ERROR, Did not find resource translation file "distMrgPiecesSmt.txt"
%UIMSG-USER-ERROR, Did not find resource translation file "StatusBarFindToolLayout.txt"
%UIMSG-USER-ERROR, Did not find resource translation file "procmdnavigatorbtn.txt"
%UIMSG-USER-ERROR, Did not find resource translation file "procmdembpanelsbtn.txt"
%UIMSG-USER-ERROR, Did not find resource translation file "procmdbrowserbtn.txt"
%UIMSG-USER-ERROR, Did not find resource translation file "procmdwinfullscreen.txt"
%UIMSG-USER-ERROR, Did not find resource translation file "procmdusageheatmap.txt"
%UIMSG-USER-ERROR, Did not find resource translation file "EcadNav_MainLay.txt"
%UIMSG-APPLICATION-ERROR, Could not find component: proe_win, in device: rmb_popup, for ui_retrieve
%UIMSG-COMMAND-ERROR, uicmd_cmd_bracket_func_add: NULL uiCmdCommand
%UIMSG-APPLICATION-ERROR, ui_create_search_path: Ignoring non-existent folder "../../libs/prowtlibs"
%UIMSG-APPLICATION-ERROR, ui_create_search_path: Ignoring non-existent folder "../../proe/uitools"
%UIMSG-USER-ERROR, Did not find resource translation file "folderbrowse.txt"
%UIMSG-USER-ERROR, Did not find resource translation file "desktop_fld.txt"
%UIMSG-USER-ERROR, Did not find resource translation file "mydocs.txt"
%UIMSG-USER-ERROR, Did not find resource translation file "workingdir.txt"
%UIMSG-USER-ERROR, Did not find resource translation file "procmdopenlastsession.txt"
%UIMSG-USER-ERROR, Did not find resource translation file "procmdoptdispdlg.txt"
%UIMSG-USER-ERROR, Did not find resource translation file "procmdoptenvdlg.txt"
%UIMSG-USER-ERROR, Did not find resource translation file "procmdatbcheckonactivate.txt"
%UIMSG-USER-ERROR, Did not find resource translation file "procmdatbcheckonretrieve.txt"
%UIMSG-USER-ERROR, Did not find resource translation file "procmdatbcheckonupdate.txt"
%UIMSG-USER-ERROR, Did not find resource translation file "procmdtopobusviewlog.txt"
%UIMSG-USER-ERROR, Did not find resource translation file "procmdutilstartmechpost.txt"
%UIMSG-USER-ERROR, Did not find resource translation file "procmdutilncpostprocessor.txt"
%UIMSG-USER-ERROR, Did not find resource translation file "procmdutildcad.txt"
%UIMSG-USER-ERROR, Did not find resource translation file "procmdutilaux.txt"
%UIMSG-USER-ERROR, Did not find resource translation file "procmdwinopensystem.txt"
%UIMSG-USER-ERROR, Did not find resource translation file "procmdsketnewgroup.txt"
%UIMSG-USER-ERROR, Did not find resource translation file "procmdsketgeomcenterline.txt"
%UIMSG-USER-ERROR, Did not find resource translation file "procmdsketcenterline.txt"
%UIMSG-USER-ERROR, Did not find resource translation file "procmdsketcline2tng.txt"
%UIMSG-USER-ERROR, Did not find resource translation file "procmdsketline2tng.txt"
%UIMSG-USER-ERROR, Did not find resource translation file "procmdsketcenterends.txt"
%UIMSG-USER-ERROR, Did not find resource translation file "procmdsketslntellipsecntr.txt"
%UIMSG-USER-ERROR, Did not find resource translation file "procmdsketparallelogram.txt"
%UIMSG-USER-ERROR, Did not find resource translation file "procmdpattern.txt"
%UIMSG-USER-ERROR, Did not find resource translation file "procmdsketspline.txt"
%UIMSG-USER-ERROR, Did not find resource translation file "procmdplrib.txt"
%UIMSG-USER-ERROR, Did not find resource translation file "procmdprofrib.txt"
%UIMSG-USER-ERROR, Did not find resource translation file "procmdsketrectangle.txt"
%UIMSG-USER-ERROR, Did not find resource translation file "procmdsketslantrectangle.txt"
%UIMSG-USER-ERROR, Did not find resource translation file "procmdsketcenterrectangle.txt"
%UIMSG-USER-ERROR, Did not find resource translation file "procmdsketverticlconstrrmb.txt"
%UIMSG-USER-ERROR, Did not find resource translation file "procmdsketorthogconstr.txt"
%UIMSG-USER-ERROR, Did not find resource translation file "procmdmirrorgeom.txt"
%UIMSG-USER-ERROR, Did not find resource translation file "procmdsketcenterpoint.txt"
%UIMSG-USER-ERROR, Did not find resource translation file "procmdwinradio.txt"
%UIMSG-USER-ERROR, Did not find resource translation file "procmdsketfeatrequirements.txt"
%UIMSG-USER-ERROR, Did not find resource translation file "procmdsketline.txt"
%UIMSG-USER-ERROR, Did not find resource translation file "procmdeditonebyone.txt"
%UIMSG-USER-ERROR, Did not find resource translation file "procmdeditchain.txt"
%UIMSG-USER-ERROR, Did not find resource translation file "procmdeditall_geom.txt"
%UIMSG-USER-ERROR, Did not find resource translation file "procmdeditall.txt"
%UIMSG-APPLICATION-ERROR, GetImageInfo: Failed to find image "__RBN_DB_NO_CHANGE__"
%UIMSG-APPLICATION-ERROR, Could not open resource file '__rbn_db_no_change__'
%UIMSG-USER-ERROR, Failed to create device: __RBN_DB_NO_CHANGE__, from resource file: __rbn_db_no_change__
%UIMSG-USER-ERROR, Did not find resource translation file "procmdgeompattern.txt"
%UIMSG-USER-ERROR, Did not find resource translation file "procmdaopatterntable.txt"
%UIMSG-USER-ERROR, Did not find resource translation file "adbcmdoptcustdlg.txt"
%UIMSG-USER-ERROR, Did not find resource translation file "procmddtoolsextern.txt"
%UIMSG-USER-ERROR, Did not find resource translation file "procmddtllabeldate.txt"
%UIMSG-USER-ERROR, Did not find resource translation file "procmddtllabeltime.txt"
%UIMSG-USER-ERROR, Did not find resource translation file "procmdinfoimportlogfile.txt"
%UIMSG-USER-ERROR, Did not find resource translation file "procmdinfomsglog.txt"
%UIMSG-USER-ERROR, Did not find resource translation file "procmdmillsrfrough.txt"
%UIMSG-USER-ERROR, Did not find resource translation file "procmdoaselfilter.txt"
%UIMSG-USER-ERROR, Did not find resource translation file "procmdutilmacros.txt"
%UIMSG-USER-ERROR, Did not find resource translation file "procmdutiltime.txt"
%UIMSG-USER-ERROR, Did not find resource translation file "procmdviewperf.txt"
%UIMSG-USER-ERROR, Did not find resource translation file "procmdwinmaximize.txt"
%UIMSG-USER-ERROR, Did not find resource translation file "procmdwinnew.txt"
%UIMSG-USER-ERROR, Did not find resource translation file "procmdwinreset.txt"
%UIMSG-USER-ERROR, Did not find resource translation file "procmdwinrestore.txt"
%UIMSG-USER-ERROR, Did not find resource translation file "procmdexplorertabclrhis.txt"
%UIMSG-USER-ERROR, Did not find resource translation file "procmdenvedgestyle.txt"
%UIMSG-USER-ERROR, Did not find resource translation file "procmdmcopenmodelcheckreport.txt"
%UIMSG-APPLICATION-ERROR, Could not open resource file 'lc_invoke'
%UIMSG-USER-ERROR, Failed to create device: LC_Invoke, from resource file: lc_invoke
%UIMSG-USER-ERROR, Did not find resource translation file "procmdutildebug.txt"
%UIMSG-USER-ERROR, Did not find resource translation file "procmdutiladvdebug.txt"
%UIMSG-USER-ERROR, Did not find resource translation file "procmdsimgeomdebug.txt"
%UIMSG-USER-ERROR, Did not find resource translation file "procmdsimhelpidcheck.txt"
%UIMSG-USER-ERROR, Did not find resource translation file "procmdsilentsave.txt"
%UIMSG-USER-ERROR, Did not find resource translation file "procmdsilentretrieve.txt"
%UIMSG-APPLICATION-ERROR, Could not open resource file 'procmdautoactdebug'
%UIMSG-USER-ERROR, Failed to create device: ProCmdAutoActDebug, from resource file: procmdautoactdebug
%UIMSG-APPLICATION-ERROR, Could not open resource file 'procmdautoactdebugdump'
%UIMSG-USER-ERROR, Failed to create device: ProCmdAutoActDebugDump, from resource file: procmdautoactdebugdump
%UIMSG-APPLICATION-ERROR, Could not open resource file 'procmdapplmenudbginfo'
%UIMSG-USER-ERROR, Failed to create device: ProCmdApplMenuDbgInfo, from resource file: procmdapplmenudbginfo
%UIMSG-USER-ERROR, Did not find resource translation file "procmdsketdbgdlg.txt"
%UIMSG-APPLICATION-ERROR, Could not find component: user_standard_page_for_cust_ribbon_tb_start, in device: main_dlg_w1, for ui_modify
%UIMSG-APPLICATION-ERROR, Could not find component: user_standard_page_for_cust_ribbon_tb_end, in device: main_dlg_w1, for ui_modify
%UIMSG-APPLICATION-ERROR, Could not find device: pse_last_used_sess_dlg or component: psh_open, for ui_modify
%UIMSG-COMMAND-ERROR, uicmd_cmd_remove_component_on_update_func: Can't find component listen function on command
%UIMSG-APPLICATION-ERROR, UI_global_remove_action_notifier_Op: No matching callback to remove
